<?xml version="1.0" encoding="UTF-8"?>
<!-- Generated by org.testng.reporters.JUnitReportReporter -->
<testsuite hostname="Neenus-Air.alphionsee.in" failures="0" tests="5" name="EMS_UserApp.UserLogin" time="97.752" errors="0" timestamp="2023-11-27T16:59:47 IST" skipped="0">
  <testcase classname="EMS_UserApp.UserLogin" name="verifyLoginWithValidInputs" time="20.089"/>
  <testcase classname="EMS_UserApp.UserLogin" name="verifyLoginwithvalidUsernameInvalidPassword" time="19.834"/>
  <testcase classname="EMS_UserApp.UserLogin" name="verifyLoginwithInvalidUsernameValidPassword" time="19.560"/>
  <testcase classname="EMS_UserApp.UserLogin" name="verifyLoginwithInvalidUsernameInvalidPassword" time="19.952"/>
  <testcase classname="EMS_UserApp.UserLogin" name="verifyLoginwithNoInputs" time="18.317"/>
</testsuite> <!-- EMS_UserApp.UserLogin -->
