<?xml version="1.0" encoding="UTF-8"?>
<!-- Generated by org.testng.reporters.JUnitReportReporter -->
<testsuite hostname="Neenus-Air.alphionsee.in" failures="0" tests="1" name="EMS_UserApp.UserLogout" time="40.489" errors="0" timestamp="2023-11-21T10:47:16 IST" skipped="0">
  <testcase classname="EMS_UserApp.UserLogout" name="verifyLoginandthenLogout" time="40.489"/>
</testsuite> <!-- EMS_UserApp.UserLogout -->
