<?xml version="1.0" encoding="UTF-8"?>
<!-- Generated by org.testng.reporters.JUnitReportReporter -->
<testsuite hostname="Neenus-Air.alphionsee.in" failures="0" tests="1" name="EMS_UserApp.UserTopSeller" time="59.265" errors="0" timestamp="2023-11-21T10:45:15 IST" skipped="0">
  <testcase classname="EMS_UserApp.UserTopSeller" name="verifySortingCategoryInTopSeller" time="59.265"/>
</testsuite> <!-- EMS_UserApp.UserTopSeller -->
