<?xml version="1.0" encoding="UTF-8"?>
<!-- Generated by org.testng.reporters.JUnitReportReporter -->
<testsuite hostname="Neenus-Air.alphionsee.in" failures="0" tests="1" name="EMS_UserApp.SimpleScraping" time="161.660" errors="0" timestamp="2023-11-15T15:02:21 IST" skipped="0">
  <testcase classname="EMS_UserApp.SimpleScraping" name="switchlocators" time="161.660"/>
</testsuite> <!-- EMS_UserApp.SimpleScraping -->
