<?xml version="1.0" encoding="UTF-8"?>
<!-- Generated by org.testng.reporters.JUnitReportReporter -->
<testsuite hostname="Neenus-Air.alphionsee.in" failures="0" tests="5" name="EMS_AdminApp.AdminLogin" time="74.325" errors="0" timestamp="2023-11-27T16:59:47 IST" skipped="0">
  <testcase classname="EMS_AdminApp.AdminLogin" name="testcase1" time="16.149"/>
  <testcase classname="EMS_AdminApp.AdminLogin" name="testcase2" time="14.076"/>
  <testcase classname="EMS_AdminApp.AdminLogin" name="testcase3" time="14.256"/>
  <testcase classname="EMS_AdminApp.AdminLogin" name="testcase4" time="17.288"/>
  <testcase classname="EMS_AdminApp.AdminLogin" name="testcase5" time="12.556"/>
</testsuite> <!-- EMS_AdminApp.AdminLogin -->
