<?xml version="1.0" encoding="UTF-8"?>
<!-- Generated by org.testng.reporters.JUnitReportReporter -->
<testsuite hostname="Neenus-Air.alphionsee.in" failures="0" tests="3" name="EMS_AdminApp.RedirectionAdmin" time="96.676" errors="0" timestamp="2023-11-27T16:59:47 IST" skipped="0">
  <testcase classname="EMS_AdminApp.RedirectionAdmin" name="redirectionsadmin" time="36.986"/>
  <testcase classname="EMS_AdminApp.RedirectionAdmin" name="profileiconredirections" time="29.492"/>
  <testcase classname="EMS_AdminApp.RedirectionAdmin" name="profileIconsettingsredirections" time="30.198"/>
</testsuite> <!-- EMS_AdminApp.RedirectionAdmin -->
