<?xml version="1.0" encoding="UTF-8"?>
<!-- Generated by org.testng.reporters.JUnitReportReporter -->
<testsuite hostname="Neenus-Air.alphionsee.in" failures="0" tests="1" name="EMS_UserApp.UserRedirection" time="62.155" errors="0" timestamp="2023-11-21T10:46:28 IST" skipped="0">
  <testcase classname="EMS_UserApp.UserRedirection" name="testcasesforRedirection" time="62.155"/>
</testsuite> <!-- EMS_UserApp.UserRedirection -->
