<?xml version="1.0" encoding="UTF-8"?>
<!-- Generated by org.testng.reporters.JUnitReportReporter -->
<testsuite hostname="Neenus-Air.alphionsee.in" failures="0" tests="1" name="EMS_UserApp.UserPasswordReset" time="48.935" errors="0" timestamp="2023-10-03T11:05:13 IST" skipped="0">
  <testcase classname="EMS_UserApp.UserPasswordReset" name="verifyWeCanUpdatePassword" time="48.935"/>
</testsuite> <!-- EMS_UserApp.UserPasswordReset -->
