<?xml version="1.0" encoding="UTF-8"?>
<!-- Generated by org.testng.reporters.JUnitReportReporter -->
<testsuite hostname="Neenus-Air.alphionsee.in" failures="0" tests="5" name="EMS_AdminApp.AdminLogin" time="73.799" errors="0" timestamp="2023-10-12T14:31:54 IST" skipped="0">
  <testcase classname="EMS_AdminApp.AdminLogin" name="testcase1" time="14.845"/>
  <testcase classname="EMS_AdminApp.AdminLogin" name="testcase2" time="14.636"/>
  <testcase classname="EMS_AdminApp.AdminLogin" name="testcase3" time="16.373"/>
  <testcase classname="EMS_AdminApp.AdminLogin" name="testcase4" time="14.597"/>
  <testcase classname="EMS_AdminApp.AdminLogin" name="testcase5" time="13.348"/>
</testsuite> <!-- EMS_AdminApp.AdminLogin -->
