<?xml version="1.0" encoding="UTF-8"?>
<!-- Generated by org.testng.reporters.JUnitReportReporter -->
<testsuite hostname="Neenus-Air.alphionsee.in" failures="0" tests="3" name="EMS_AdminApp.UseraccountPageAdmin" time="128.036" errors="0" timestamp="2023-11-27T16:59:47 IST" skipped="0">
  <testcase classname="EMS_AdminApp.UseraccountPageAdmin" name="userAccount" time="46.800"/>
  <testcase classname="EMS_AdminApp.UseraccountPageAdmin" name="activationShowUser" time="46.294"/>
  <testcase classname="EMS_AdminApp.UseraccountPageAdmin" name="Usersearch" time="34.942"/>
</testsuite> <!-- EMS_AdminApp.UseraccountPageAdmin -->
