<?xml version="1.0" encoding="UTF-8"?>
<!-- Generated by org.testng.reporters.JUnitReportReporter -->
<testsuite hostname="Neenus-Air.alphionsee.in" failures="0" tests="3" name="EMS_AdminApp.RedirectionAdmin" time="99.122" errors="0" timestamp="2023-11-21T10:37:03 IST" skipped="0">
  <testcase classname="EMS_AdminApp.RedirectionAdmin" name="redirectionsadmin" time="38.519"/>
  <testcase classname="EMS_AdminApp.RedirectionAdmin" name="profileiconredirections" time="31.120"/>
  <testcase classname="EMS_AdminApp.RedirectionAdmin" name="profileIconsettingsredirections" time="29.483"/>
</testsuite> <!-- EMS_AdminApp.RedirectionAdmin -->
