<?xml version="1.0" encoding="UTF-8"?>
<!-- Generated by org.testng.reporters.JUnitReportReporter -->
<testsuite hostname="Neenus-Air.alphionsee.in" failures="0" tests="1" name="EMS_AdminApp.LogoutAdmin" time="31.059" errors="0" timestamp="2023-11-27T16:59:47 IST" skipped="0">
  <testcase classname="EMS_AdminApp.LogoutAdmin" name="logOut" time="31.059"/>
</testsuite> <!-- EMS_AdminApp.LogoutAdmin -->
