<?xml version="1.0" encoding="UTF-8"?>
<!-- Generated by org.testng.reporters.JUnitReportReporter -->
<testsuite hostname="Neenus-Air.alphionsee.in" failures="0" tests="1" name="EMS_UserApp.SimpleScraping" time="129.757" errors="0" timestamp="2023-11-27T16:59:47 IST" skipped="0">
  <testcase classname="EMS_UserApp.SimpleScraping" name="switchlocators" time="129.757"/>
</testsuite> <!-- EMS_UserApp.SimpleScraping -->
