<?xml version="1.0" encoding="UTF-8"?>
<!-- Generated by org.testng.reporters.JUnitReportReporter -->
<testsuite hostname="Neenus-Air.alphionsee.in" failures="0" tests="5" name="EMS_UserApp.UserLogin" time="99.865" errors="0" timestamp="2023-11-21T10:49:05 IST" skipped="0">
  <testcase classname="EMS_UserApp.UserLogin" name="verifyLoginWithValidInputs" time="19.225"/>
  <testcase classname="EMS_UserApp.UserLogin" name="verifyLoginwithvalidUsernameInvalidPassword" time="21.860"/>
  <testcase classname="EMS_UserApp.UserLogin" name="verifyLoginwithInvalidUsernameValidPassword" time="20.200"/>
  <testcase classname="EMS_UserApp.UserLogin" name="verifyLoginwithInvalidUsernameInvalidPassword" time="19.833"/>
  <testcase classname="EMS_UserApp.UserLogin" name="verifyLoginwithNoInputs" time="18.747"/>
</testsuite> <!-- EMS_UserApp.UserLogin -->
