<?xml version="1.0" encoding="UTF-8"?>
<!-- Generated by org.testng.reporters.JUnitReportReporter -->
<testsuite hostname="Neenus-Air.alphionsee.in" failures="0" tests="1" name="EMS_UserApp.UserRedirection" time="54.990" errors="0" timestamp="2023-11-27T16:59:47 IST" skipped="0">
  <testcase classname="EMS_UserApp.UserRedirection" name="testcasesforRedirection" time="54.990"/>
</testsuite> <!-- EMS_UserApp.UserRedirection -->
