<?xml version="1.0" encoding="UTF-8"?>
<!-- Generated by org.testng.reporters.JUnitReportReporter -->
<testsuite hostname="Neenus-Air.alphionsee.in" failures="0" tests="1" name="EMS_AdminApp.LogoutAdmin" time="34.894" errors="0" timestamp="2023-11-21T10:29:56 IST" skipped="0">
  <testcase classname="EMS_AdminApp.LogoutAdmin" name="logOut" time="34.894"/>
</testsuite> <!-- EMS_AdminApp.LogoutAdmin -->
