<?xml version="1.0" encoding="UTF-8"?>
<!-- Generated by org.testng.reporters.JUnitReportReporter -->
<testsuite hostname="Neenus-Air.alphionsee.in" failures="0" tests="3" name="EMS_AdminApp.UseraccountPageAdmin" time="110.873" errors="0" timestamp="2023-11-21T10:40:32 IST" skipped="0">
  <testcase classname="EMS_AdminApp.UseraccountPageAdmin" name="userAccount" time="42.815"/>
  <testcase classname="EMS_AdminApp.UseraccountPageAdmin" name="activationShowUser" time="38.868"/>
  <testcase classname="EMS_AdminApp.UseraccountPageAdmin" name="Usersearch" time="29.190"/>
</testsuite> <!-- EMS_AdminApp.UseraccountPageAdmin -->
